<?xml version="1.0" encoding="UTF-8"?>
<testsuite name="Scenario: Can find search results" tests="4" skipped="0" failures="0" errors="0" timestamp="2018-02-06T07:15:46" hostname="Haroons-MacBook-Pro.local" time="21.137">
  <properties/>
  <testcase name="When I type query as &quot;BrowserStack&quot;" classname="Scenario: Can find search results" time="0.0"/>
  <testcase name="And I submit" classname="Scenario: Can find search results" time="0.0"/>
  <testcase name="Then I should see title &quot;BrowserStack - Google Search&quot;" classname="Scenario: Can find search results" time="0.0"/>
  <testcase name="classMethod" classname="Scenario: Can find search results" time="35.482"/>
  <system-out><![CDATA[]]></system-out>
  <system-err><![CDATA[[Test worker] INFO net.serenitybdd.core.Serenity - 
  _____ _____ ____ _____   ____ _____  _    ____ _____ _____ ____  
 |_   _| ____/ ___|_   _| / ___|_   _|/ \  |  _ \_   _| ____|  _ \ 
   | | |  _| \___ \ | |   \___ \ | | / _ \ | |_) || | |  _| | | | |
   | | | |___ ___) || |    ___) || |/ ___ \|  _ < | | | |___| |_| |
   |_| |_____|____/ |_|   |____/ |_/_/   \_\_| \_\|_| |_____|____/ 
                                                                   

TEST STARTED: Can find search results
--------------------------------------------------------------------
[Test worker] WARN net.thucydides.core.reflection.StackTraceAnalyser - Failed to load class during Stack analysis: org.gradle.api.internal.tasks.testing.junit.JUnitTestClassExecuter
[Test worker] WARN net.thucydides.core.reflection.StackTraceAnalyser - Failed to load class during Stack analysis: org.gradle.api.internal.tasks.testing.junit.JUnitTestClassExecuter
[Test worker] WARN net.thucydides.core.reflection.StackTraceAnalyser - Failed to load class during Stack analysis: org.gradle.api.internal.tasks.testing.junit.JUnitTestClassProcessor
[Test worker] WARN net.thucydides.core.reflection.StackTraceAnalyser - Failed to load class during Stack analysis: org.gradle.api.internal.tasks.testing.SuiteTestClassProcessor
[Test worker] WARN net.thucydides.core.reflection.StackTraceAnalyser - Failed to load class during Stack analysis: org.gradle.internal.dispatch.ReflectionDispatch
[Test worker] WARN net.thucydides.core.reflection.StackTraceAnalyser - Failed to load class during Stack analysis: org.gradle.internal.dispatch.ReflectionDispatch
[Test worker] WARN net.thucydides.core.reflection.StackTraceAnalyser - Failed to load class during Stack analysis: org.gradle.internal.dispatch.ContextClassLoaderDispatch
[Test worker] WARN net.thucydides.core.reflection.StackTraceAnalyser - Failed to load class during Stack analysis: org.gradle.internal.dispatch.ProxyDispatchAdapter$DispatchingInvocationHandler
[Test worker] WARN net.thucydides.core.reflection.StackTraceAnalyser - Failed to load class during Stack analysis: com.sun.proxy.$Proxy1
[Test worker] WARN net.thucydides.core.reflection.StackTraceAnalyser - Failed to load class during Stack analysis: org.gradle.api.internal.tasks.testing.worker.TestWorker
[Test worker] WARN net.thucydides.core.reflection.StackTraceAnalyser - Failed to load class during Stack analysis: org.gradle.internal.dispatch.ReflectionDispatch
[Test worker] WARN net.thucydides.core.reflection.StackTraceAnalyser - Failed to load class during Stack analysis: org.gradle.internal.dispatch.ReflectionDispatch
[Test worker] WARN net.thucydides.core.reflection.StackTraceAnalyser - Failed to load class during Stack analysis: org.gradle.internal.remote.internal.hub.MessageHubBackedObjectConnection$DispatchWrapper
[Test worker] WARN net.thucydides.core.reflection.StackTraceAnalyser - Failed to load class during Stack analysis: org.gradle.internal.remote.internal.hub.MessageHubBackedObjectConnection$DispatchWrapper
[Test worker] WARN net.thucydides.core.reflection.StackTraceAnalyser - Failed to load class during Stack analysis: org.gradle.internal.remote.internal.hub.MessageHub$Handler
[Test worker] WARN net.thucydides.core.reflection.StackTraceAnalyser - Failed to load class during Stack analysis: org.gradle.internal.concurrent.ExecutorPolicy$CatchAndRecordFailures
[Test worker] WARN net.thucydides.core.reflection.StackTraceAnalyser - Failed to load class during Stack analysis: org.gradle.internal.concurrent.ManagedExecutorImpl$1
[Test worker] WARN net.thucydides.core.reflection.StackTraceAnalyser - Failed to load class during Stack analysis: org.gradle.internal.concurrent.ThreadFactoryImpl$ManagedThreadRunnable
]]></system-err>
</testsuite>
