<?xml version="1.0" encoding="UTF-8"?>
<testsuite name="com.testexamples.cucumber.GoogleTest" tests="0" skipped="0" failures="0" errors="0" timestamp="1970-01-01T00:00:00" hostname="Haroons-MacBook-Pro.local" time="0.0">
  <properties/>
  <system-out><![CDATA[
1 Scenarios (?[32m1 passed?[0m)
3 Steps (?[32m3 passed?[0m)
0m22.848s

]]></system-out>
  <system-err><![CDATA[[Test worker] INFO net.thucydides.core.util.PropertiesFileLocalPreferences - LOADING LOCAL PROPERTIES FROM /Users/haroonnaderi/Code/Java/SerenityGradleExample/serenity.properties 
[Test worker] INFO net.thucydides.core.util.PropertiesFileLocalPreferences - webdriver.provided.type=mydriver
[Test worker] INFO net.thucydides.core.util.PropertiesFileLocalPreferences - webdriver.driver=provided
[Test worker] INFO net.thucydides.core.util.PropertiesFileLocalPreferences - thucydides.driver.capabilities=mydriver
[Test worker] INFO net.thucydides.core.util.PropertiesFileLocalPreferences - webdriver.provided.mydriver=com.testexamples.BrowserStackSerenityDriver
[Test worker] INFO net.thucydides.core.util.PropertiesFileLocalPreferences - LOADING LOCAL PROPERTIES FROM /Users/haroonnaderi/Code/Java/SerenityGradleExample/serenity.properties 
[Test worker] INFO net.serenitybdd.core.Serenity - 

-------------------------------------------------------------------------------------
     _______. _______ .______       _______ .__   __.  __  .___________.____    ____ 
    /       ||   ____||   _  \     |   ____||  \ |  | |  | |           |\   \  /   / 
   |   (----`|  |__   |  |_)  |    |  |__   |   \|  | |  | `---|  |----` \   \/   /  
    \   \    |   __|  |      /     |   __|  |  . `  | |  |     |  |       \_    _/   
.----)   |   |  |____ |  |\  \----.|  |____ |  |\   | |  |     |  |         |  |     
|_______/    |_______|| _| `._____||_______||__| \__| |__|     |__|         |__|    
-------------------------------------------------------------------------------------

[Test worker] INFO net.serenitybdd.core.Serenity - Test Suite Started: Google's Search Functionality
[Test worker] WARN net.thucydides.core.reflection.StackTraceAnalyser - Failed to load class during Stack analysis: org.gradle.api.internal.tasks.testing.junit.JUnitTestClassExecuter
[Test worker] WARN net.thucydides.core.reflection.StackTraceAnalyser - Failed to load class during Stack analysis: org.gradle.api.internal.tasks.testing.junit.JUnitTestClassExecuter
[Test worker] WARN net.thucydides.core.reflection.StackTraceAnalyser - Failed to load class during Stack analysis: org.gradle.api.internal.tasks.testing.junit.JUnitTestClassProcessor
[Test worker] WARN net.thucydides.core.reflection.StackTraceAnalyser - Failed to load class during Stack analysis: org.gradle.api.internal.tasks.testing.SuiteTestClassProcessor
[Test worker] WARN net.thucydides.core.reflection.StackTraceAnalyser - Failed to load class during Stack analysis: org.gradle.internal.dispatch.ReflectionDispatch
[Test worker] WARN net.thucydides.core.reflection.StackTraceAnalyser - Failed to load class during Stack analysis: org.gradle.internal.dispatch.ReflectionDispatch
[Test worker] WARN net.thucydides.core.reflection.StackTraceAnalyser - Failed to load class during Stack analysis: org.gradle.internal.dispatch.ContextClassLoaderDispatch
[Test worker] WARN net.thucydides.core.reflection.StackTraceAnalyser - Failed to load class during Stack analysis: org.gradle.internal.dispatch.ProxyDispatchAdapter$DispatchingInvocationHandler
[Test worker] WARN net.thucydides.core.reflection.StackTraceAnalyser - Failed to load class during Stack analysis: com.sun.proxy.$Proxy1
[Test worker] WARN net.thucydides.core.reflection.StackTraceAnalyser - Failed to load class during Stack analysis: org.gradle.api.internal.tasks.testing.worker.TestWorker
[Test worker] WARN net.thucydides.core.reflection.StackTraceAnalyser - Failed to load class during Stack analysis: org.gradle.internal.dispatch.ReflectionDispatch
[Test worker] WARN net.thucydides.core.reflection.StackTraceAnalyser - Failed to load class during Stack analysis: org.gradle.internal.dispatch.ReflectionDispatch
[Test worker] WARN net.thucydides.core.reflection.StackTraceAnalyser - Failed to load class during Stack analysis: org.gradle.internal.remote.internal.hub.MessageHubBackedObjectConnection$DispatchWrapper
[Test worker] WARN net.thucydides.core.reflection.StackTraceAnalyser - Failed to load class during Stack analysis: org.gradle.internal.remote.internal.hub.MessageHubBackedObjectConnection$DispatchWrapper
[Test worker] WARN net.thucydides.core.reflection.StackTraceAnalyser - Failed to load class during Stack analysis: org.gradle.internal.remote.internal.hub.MessageHub$Handler
[Test worker] WARN net.thucydides.core.reflection.StackTraceAnalyser - Failed to load class during Stack analysis: org.gradle.internal.concurrent.ExecutorPolicy$CatchAndRecordFailures
[Test worker] WARN net.thucydides.core.reflection.StackTraceAnalyser - Failed to load class during Stack analysis: org.gradle.internal.concurrent.ManagedExecutorImpl$1
[Test worker] WARN net.thucydides.core.reflection.StackTraceAnalyser - Failed to load class during Stack analysis: org.gradle.internal.concurrent.ThreadFactoryImpl$ManagedThreadRunnable
[Test worker] WARN net.thucydides.core.reflection.StackTraceAnalyser - Failed to load class during Stack analysis: org.gradle.api.internal.tasks.testing.junit.JUnitTestClassExecuter
[Test worker] WARN net.thucydides.core.reflection.StackTraceAnalyser - Failed to load class during Stack analysis: org.gradle.api.internal.tasks.testing.junit.JUnitTestClassExecuter
[Test worker] WARN net.thucydides.core.reflection.StackTraceAnalyser - Failed to load class during Stack analysis: org.gradle.api.internal.tasks.testing.junit.JUnitTestClassProcessor
[Test worker] WARN net.thucydides.core.reflection.StackTraceAnalyser - Failed to load class during Stack analysis: org.gradle.api.internal.tasks.testing.SuiteTestClassProcessor
[Test worker] WARN net.thucydides.core.reflection.StackTraceAnalyser - Failed to load class during Stack analysis: org.gradle.internal.dispatch.ReflectionDispatch
[Test worker] WARN net.thucydides.core.reflection.StackTraceAnalyser - Failed to load class during Stack analysis: org.gradle.internal.dispatch.ReflectionDispatch
[Test worker] WARN net.thucydides.core.reflection.StackTraceAnalyser - Failed to load class during Stack analysis: org.gradle.internal.dispatch.ContextClassLoaderDispatch
[Test worker] WARN net.thucydides.core.reflection.StackTraceAnalyser - Failed to load class during Stack analysis: org.gradle.internal.dispatch.ProxyDispatchAdapter$DispatchingInvocationHandler
[Test worker] WARN net.thucydides.core.reflection.StackTraceAnalyser - Failed to load class during Stack analysis: com.sun.proxy.$Proxy1
[Test worker] WARN net.thucydides.core.reflection.StackTraceAnalyser - Failed to load class during Stack analysis: org.gradle.api.internal.tasks.testing.worker.TestWorker
[Test worker] WARN net.thucydides.core.reflection.StackTraceAnalyser - Failed to load class during Stack analysis: org.gradle.internal.dispatch.ReflectionDispatch
[Test worker] WARN net.thucydides.core.reflection.StackTraceAnalyser - Failed to load class during Stack analysis: org.gradle.internal.dispatch.ReflectionDispatch
[Test worker] WARN net.thucydides.core.reflection.StackTraceAnalyser - Failed to load class during Stack analysis: org.gradle.internal.remote.internal.hub.MessageHubBackedObjectConnection$DispatchWrapper
[Test worker] WARN net.thucydides.core.reflection.StackTraceAnalyser - Failed to load class during Stack analysis: org.gradle.internal.remote.internal.hub.MessageHubBackedObjectConnection$DispatchWrapper
[Test worker] WARN net.thucydides.core.reflection.StackTraceAnalyser - Failed to load class during Stack analysis: org.gradle.internal.remote.internal.hub.MessageHub$Handler
[Test worker] WARN net.thucydides.core.reflection.StackTraceAnalyser - Failed to load class during Stack analysis: org.gradle.internal.concurrent.ExecutorPolicy$CatchAndRecordFailures
[Test worker] WARN net.thucydides.core.reflection.StackTraceAnalyser - Failed to load class during Stack analysis: org.gradle.internal.concurrent.ManagedExecutorImpl$1
[Test worker] WARN net.thucydides.core.reflection.StackTraceAnalyser - Failed to load class during Stack analysis: org.gradle.internal.concurrent.ThreadFactoryImpl$ManagedThreadRunnable
[Screenshot Processor] INFO net.thucydides.core.screenshots.SingleThreadScreenshotProcessor - Processing screenshot: /var/folders/0s/hqdpyw0j08d_blg1fx2fygsr0000gn/T/screenshot2931957513802711062
[Test worker] WARN net.thucydides.core.reflection.StackTraceAnalyser - Failed to load class during Stack analysis: org.gradle.api.internal.tasks.testing.junit.JUnitTestClassExecuter
[Test worker] WARN net.thucydides.core.reflection.StackTraceAnalyser - Failed to load class during Stack analysis: org.gradle.api.internal.tasks.testing.junit.JUnitTestClassExecuter
[Test worker] WARN net.thucydides.core.reflection.StackTraceAnalyser - Failed to load class during Stack analysis: org.gradle.api.internal.tasks.testing.junit.JUnitTestClassProcessor
[Screenshot Processor] INFO net.thucydides.core.screenshots.SingleThreadScreenshotProcessor - Processing screenshot completed
[Test worker] WARN net.thucydides.core.reflection.StackTraceAnalyser - Failed to load class during Stack analysis: org.gradle.api.internal.tasks.testing.SuiteTestClassProcessor
[Test worker] WARN net.thucydides.core.reflection.StackTraceAnalyser - Failed to load class during Stack analysis: org.gradle.internal.dispatch.ReflectionDispatch
[Test worker] WARN net.thucydides.core.reflection.StackTraceAnalyser - Failed to load class during Stack analysis: org.gradle.internal.dispatch.ReflectionDispatch
[Test worker] WARN net.thucydides.core.reflection.StackTraceAnalyser - Failed to load class during Stack analysis: org.gradle.internal.dispatch.ContextClassLoaderDispatch
[Test worker] WARN net.thucydides.core.reflection.StackTraceAnalyser - Failed to load class during Stack analysis: org.gradle.internal.dispatch.ProxyDispatchAdapter$DispatchingInvocationHandler
[Test worker] WARN net.thucydides.core.reflection.StackTraceAnalyser - Failed to load class during Stack analysis: com.sun.proxy.$Proxy1
[Test worker] WARN net.thucydides.core.reflection.StackTraceAnalyser - Failed to load class during Stack analysis: org.gradle.api.internal.tasks.testing.worker.TestWorker
[Test worker] WARN net.thucydides.core.reflection.StackTraceAnalyser - Failed to load class during Stack analysis: org.gradle.internal.dispatch.ReflectionDispatch
[Test worker] WARN net.thucydides.core.reflection.StackTraceAnalyser - Failed to load class during Stack analysis: org.gradle.internal.dispatch.ReflectionDispatch
[Test worker] WARN net.thucydides.core.reflection.StackTraceAnalyser - Failed to load class during Stack analysis: org.gradle.internal.remote.internal.hub.MessageHubBackedObjectConnection$DispatchWrapper
[Test worker] WARN net.thucydides.core.reflection.StackTraceAnalyser - Failed to load class during Stack analysis: org.gradle.internal.remote.internal.hub.MessageHubBackedObjectConnection$DispatchWrapper
[Test worker] WARN net.thucydides.core.reflection.StackTraceAnalyser - Failed to load class during Stack analysis: org.gradle.internal.remote.internal.hub.MessageHub$Handler
[Test worker] WARN net.thucydides.core.reflection.StackTraceAnalyser - Failed to load class during Stack analysis: org.gradle.internal.concurrent.ExecutorPolicy$CatchAndRecordFailures
[Test worker] WARN net.thucydides.core.reflection.StackTraceAnalyser - Failed to load class during Stack analysis: org.gradle.internal.concurrent.ManagedExecutorImpl$1
[Test worker] WARN net.thucydides.core.reflection.StackTraceAnalyser - Failed to load class during Stack analysis: org.gradle.internal.concurrent.ThreadFactoryImpl$ManagedThreadRunnable
[Test worker] WARN net.thucydides.core.reflection.StackTraceAnalyser - Failed to load class during Stack analysis: org.gradle.api.internal.tasks.testing.junit.JUnitTestClassExecuter
[Test worker] WARN net.thucydides.core.reflection.StackTraceAnalyser - Failed to load class during Stack analysis: org.gradle.api.internal.tasks.testing.junit.JUnitTestClassExecuter
[Test worker] WARN net.thucydides.core.reflection.StackTraceAnalyser - Failed to load class during Stack analysis: org.gradle.api.internal.tasks.testing.junit.JUnitTestClassProcessor
[Test worker] WARN net.thucydides.core.reflection.StackTraceAnalyser - Failed to load class during Stack analysis: org.gradle.api.internal.tasks.testing.SuiteTestClassProcessor
[Test worker] WARN net.thucydides.core.reflection.StackTraceAnalyser - Failed to load class during Stack analysis: org.gradle.internal.dispatch.ReflectionDispatch
[Test worker] WARN net.thucydides.core.reflection.StackTraceAnalyser - Failed to load class during Stack analysis: org.gradle.internal.dispatch.ReflectionDispatch
[Test worker] WARN net.thucydides.core.reflection.StackTraceAnalyser - Failed to load class during Stack analysis: org.gradle.internal.dispatch.ContextClassLoaderDispatch
[Test worker] WARN net.thucydides.core.reflection.StackTraceAnalyser - Failed to load class during Stack analysis: org.gradle.internal.dispatch.ProxyDispatchAdapter$DispatchingInvocationHandler
[Test worker] WARN net.thucydides.core.reflection.StackTraceAnalyser - Failed to load class during Stack analysis: com.sun.proxy.$Proxy1
[Test worker] WARN net.thucydides.core.reflection.StackTraceAnalyser - Failed to load class during Stack analysis: org.gradle.api.internal.tasks.testing.worker.TestWorker
[Test worker] WARN net.thucydides.core.reflection.StackTraceAnalyser - Failed to load class during Stack analysis: org.gradle.internal.dispatch.ReflectionDispatch
[Test worker] WARN net.thucydides.core.reflection.StackTraceAnalyser - Failed to load class during Stack analysis: org.gradle.internal.dispatch.ReflectionDispatch
[Test worker] WARN net.thucydides.core.reflection.StackTraceAnalyser - Failed to load class during Stack analysis: org.gradle.internal.remote.internal.hub.MessageHubBackedObjectConnection$DispatchWrapper
[Test worker] WARN net.thucydides.core.reflection.StackTraceAnalyser - Failed to load class during Stack analysis: org.gradle.internal.remote.internal.hub.MessageHubBackedObjectConnection$DispatchWrapper
[Test worker] WARN net.thucydides.core.reflection.StackTraceAnalyser - Failed to load class during Stack analysis: org.gradle.internal.remote.internal.hub.MessageHub$Handler
[Test worker] WARN net.thucydides.core.reflection.StackTraceAnalyser - Failed to load class during Stack analysis: org.gradle.internal.concurrent.ExecutorPolicy$CatchAndRecordFailures
[Test worker] WARN net.thucydides.core.reflection.StackTraceAnalyser - Failed to load class during Stack analysis: org.gradle.internal.concurrent.ManagedExecutorImpl$1
[Test worker] WARN net.thucydides.core.reflection.StackTraceAnalyser - Failed to load class during Stack analysis: org.gradle.internal.concurrent.ThreadFactoryImpl$ManagedThreadRunnable
[Screenshot Processor] INFO net.thucydides.core.screenshots.SingleThreadScreenshotProcessor - Processing screenshot: /var/folders/0s/hqdpyw0j08d_blg1fx2fygsr0000gn/T/screenshot4846495463819647750
[Screenshot Processor] INFO net.thucydides.core.screenshots.SingleThreadScreenshotProcessor - Processing screenshot completed
[Test worker] WARN net.thucydides.core.reflection.StackTraceAnalyser - Failed to load class during Stack analysis: org.gradle.api.internal.tasks.testing.junit.JUnitTestClassExecuter
[Test worker] WARN net.thucydides.core.reflection.StackTraceAnalyser - Failed to load class during Stack analysis: org.gradle.api.internal.tasks.testing.junit.JUnitTestClassExecuter
[Test worker] WARN net.thucydides.core.reflection.StackTraceAnalyser - Failed to load class during Stack analysis: org.gradle.api.internal.tasks.testing.junit.JUnitTestClassProcessor
[Test worker] WARN net.thucydides.core.reflection.StackTraceAnalyser - Failed to load class during Stack analysis: org.gradle.api.internal.tasks.testing.SuiteTestClassProcessor
[Test worker] WARN net.thucydides.core.reflection.StackTraceAnalyser - Failed to load class during Stack analysis: org.gradle.internal.dispatch.ReflectionDispatch
[Test worker] WARN net.thucydides.core.reflection.StackTraceAnalyser - Failed to load class during Stack analysis: org.gradle.internal.dispatch.ReflectionDispatch
[Test worker] WARN net.thucydides.core.reflection.StackTraceAnalyser - Failed to load class during Stack analysis: org.gradle.internal.dispatch.ContextClassLoaderDispatch
[Test worker] WARN net.thucydides.core.reflection.StackTraceAnalyser - Failed to load class during Stack analysis: org.gradle.internal.dispatch.ProxyDispatchAdapter$DispatchingInvocationHandler
[Test worker] WARN net.thucydides.core.reflection.StackTraceAnalyser - Failed to load class during Stack analysis: com.sun.proxy.$Proxy1
[Test worker] WARN net.thucydides.core.reflection.StackTraceAnalyser - Failed to load class during Stack analysis: org.gradle.api.internal.tasks.testing.worker.TestWorker
[Test worker] WARN net.thucydides.core.reflection.StackTraceAnalyser - Failed to load class during Stack analysis: org.gradle.internal.dispatch.ReflectionDispatch
[Test worker] WARN net.thucydides.core.reflection.StackTraceAnalyser - Failed to load class during Stack analysis: org.gradle.internal.dispatch.ReflectionDispatch
[Test worker] WARN net.thucydides.core.reflection.StackTraceAnalyser - Failed to load class during Stack analysis: org.gradle.internal.remote.internal.hub.MessageHubBackedObjectConnection$DispatchWrapper
[Test worker] WARN net.thucydides.core.reflection.StackTraceAnalyser - Failed to load class during Stack analysis: org.gradle.internal.remote.internal.hub.MessageHubBackedObjectConnection$DispatchWrapper
[Test worker] WARN net.thucydides.core.reflection.StackTraceAnalyser - Failed to load class during Stack analysis: org.gradle.internal.remote.internal.hub.MessageHub$Handler
[Test worker] WARN net.thucydides.core.reflection.StackTraceAnalyser - Failed to load class during Stack analysis: org.gradle.internal.concurrent.ExecutorPolicy$CatchAndRecordFailures
[Test worker] WARN net.thucydides.core.reflection.StackTraceAnalyser - Failed to load class during Stack analysis: org.gradle.internal.concurrent.ManagedExecutorImpl$1
[Test worker] WARN net.thucydides.core.reflection.StackTraceAnalyser - Failed to load class during Stack analysis: org.gradle.internal.concurrent.ThreadFactoryImpl$ManagedThreadRunnable
[Test worker] WARN net.thucydides.core.reflection.StackTraceAnalyser - Failed to load class during Stack analysis: org.gradle.api.internal.tasks.testing.junit.JUnitTestClassExecuter
[Test worker] WARN net.thucydides.core.reflection.StackTraceAnalyser - Failed to load class during Stack analysis: org.gradle.api.internal.tasks.testing.junit.JUnitTestClassExecuter
[Test worker] WARN net.thucydides.core.reflection.StackTraceAnalyser - Failed to load class during Stack analysis: org.gradle.api.internal.tasks.testing.junit.JUnitTestClassProcessor
[Test worker] WARN net.thucydides.core.reflection.StackTraceAnalyser - Failed to load class during Stack analysis: org.gradle.api.internal.tasks.testing.SuiteTestClassProcessor
[Test worker] WARN net.thucydides.core.reflection.StackTraceAnalyser - Failed to load class during Stack analysis: org.gradle.internal.dispatch.ReflectionDispatch
[Test worker] WARN net.thucydides.core.reflection.StackTraceAnalyser - Failed to load class during Stack analysis: org.gradle.internal.dispatch.ReflectionDispatch
[Test worker] WARN net.thucydides.core.reflection.StackTraceAnalyser - Failed to load class during Stack analysis: org.gradle.internal.dispatch.ContextClassLoaderDispatch
[Test worker] WARN net.thucydides.core.reflection.StackTraceAnalyser - Failed to load class during Stack analysis: org.gradle.internal.dispatch.ProxyDispatchAdapter$DispatchingInvocationHandler
[Test worker] WARN net.thucydides.core.reflection.StackTraceAnalyser - Failed to load class during Stack analysis: com.sun.proxy.$Proxy1
[Test worker] WARN net.thucydides.core.reflection.StackTraceAnalyser - Failed to load class during Stack analysis: org.gradle.api.internal.tasks.testing.worker.TestWorker
[Test worker] WARN net.thucydides.core.reflection.StackTraceAnalyser - Failed to load class during Stack analysis: org.gradle.internal.dispatch.ReflectionDispatch
[Test worker] WARN net.thucydides.core.reflection.StackTraceAnalyser - Failed to load class during Stack analysis: org.gradle.internal.dispatch.ReflectionDispatch
[Test worker] WARN net.thucydides.core.reflection.StackTraceAnalyser - Failed to load class during Stack analysis: org.gradle.internal.remote.internal.hub.MessageHubBackedObjectConnection$DispatchWrapper
[Test worker] WARN net.thucydides.core.reflection.StackTraceAnalyser - Failed to load class during Stack analysis: org.gradle.internal.remote.internal.hub.MessageHubBackedObjectConnection$DispatchWrapper
[Test worker] WARN net.thucydides.core.reflection.StackTraceAnalyser - Failed to load class during Stack analysis: org.gradle.internal.remote.internal.hub.MessageHub$Handler
[Test worker] WARN net.thucydides.core.reflection.StackTraceAnalyser - Failed to load class during Stack analysis: org.gradle.internal.concurrent.ExecutorPolicy$CatchAndRecordFailures
[Test worker] WARN net.thucydides.core.reflection.StackTraceAnalyser - Failed to load class during Stack analysis: org.gradle.internal.concurrent.ManagedExecutorImpl$1
[Test worker] WARN net.thucydides.core.reflection.StackTraceAnalyser - Failed to load class during Stack analysis: org.gradle.internal.concurrent.ThreadFactoryImpl$ManagedThreadRunnable
[Test worker] WARN net.thucydides.core.reflection.StackTraceAnalyser - Failed to load class during Stack analysis: org.gradle.api.internal.tasks.testing.junit.JUnitTestClassExecuter
[Test worker] WARN net.thucydides.core.reflection.StackTraceAnalyser - Failed to load class during Stack analysis: org.gradle.api.internal.tasks.testing.junit.JUnitTestClassExecuter
[Test worker] WARN net.thucydides.core.reflection.StackTraceAnalyser - Failed to load class during Stack analysis: org.gradle.api.internal.tasks.testing.junit.JUnitTestClassProcessor
[Test worker] WARN net.thucydides.core.reflection.StackTraceAnalyser - Failed to load class during Stack analysis: org.gradle.api.internal.tasks.testing.SuiteTestClassProcessor
[Test worker] WARN net.thucydides.core.reflection.StackTraceAnalyser - Failed to load class during Stack analysis: org.gradle.internal.dispatch.ReflectionDispatch
[Test worker] WARN net.thucydides.core.reflection.StackTraceAnalyser - Failed to load class during Stack analysis: org.gradle.internal.dispatch.ReflectionDispatch
[Test worker] WARN net.thucydides.core.reflection.StackTraceAnalyser - Failed to load class during Stack analysis: org.gradle.internal.dispatch.ContextClassLoaderDispatch
[Test worker] WARN net.thucydides.core.reflection.StackTraceAnalyser - Failed to load class during Stack analysis: org.gradle.internal.dispatch.ProxyDispatchAdapter$DispatchingInvocationHandler
[Test worker] WARN net.thucydides.core.reflection.StackTraceAnalyser - Failed to load class during Stack analysis: com.sun.proxy.$Proxy1
[Test worker] WARN net.thucydides.core.reflection.StackTraceAnalyser - Failed to load class during Stack analysis: org.gradle.api.internal.tasks.testing.worker.TestWorker
[Test worker] WARN net.thucydides.core.reflection.StackTraceAnalyser - Failed to load class during Stack analysis: org.gradle.internal.dispatch.ReflectionDispatch
[Test worker] WARN net.thucydides.core.reflection.StackTraceAnalyser - Failed to load class during Stack analysis: org.gradle.internal.dispatch.ReflectionDispatch
[Test worker] WARN net.thucydides.core.reflection.StackTraceAnalyser - Failed to load class during Stack analysis: org.gradle.internal.remote.internal.hub.MessageHubBackedObjectConnection$DispatchWrapper
[Test worker] WARN net.thucydides.core.reflection.StackTraceAnalyser - Failed to load class during Stack analysis: org.gradle.internal.remote.internal.hub.MessageHubBackedObjectConnection$DispatchWrapper
[Test worker] WARN net.thucydides.core.reflection.StackTraceAnalyser - Failed to load class during Stack analysis: org.gradle.internal.remote.internal.hub.MessageHub$Handler
[Test worker] WARN net.thucydides.core.reflection.StackTraceAnalyser - Failed to load class during Stack analysis: org.gradle.internal.concurrent.ExecutorPolicy$CatchAndRecordFailures
[Test worker] WARN net.thucydides.core.reflection.StackTraceAnalyser - Failed to load class during Stack analysis: org.gradle.internal.concurrent.ManagedExecutorImpl$1
[Test worker] WARN net.thucydides.core.reflection.StackTraceAnalyser - Failed to load class during Stack analysis: org.gradle.internal.concurrent.ThreadFactoryImpl$ManagedThreadRunnable
[Test worker] WARN net.thucydides.core.reflection.StackTraceAnalyser - Failed to load class during Stack analysis: org.gradle.api.internal.tasks.testing.junit.JUnitTestClassExecuter
[Test worker] WARN net.thucydides.core.reflection.StackTraceAnalyser - Failed to load class during Stack analysis: org.gradle.api.internal.tasks.testing.junit.JUnitTestClassExecuter
[Test worker] WARN net.thucydides.core.reflection.StackTraceAnalyser - Failed to load class during Stack analysis: org.gradle.api.internal.tasks.testing.junit.JUnitTestClassProcessor
[Test worker] WARN net.thucydides.core.reflection.StackTraceAnalyser - Failed to load class during Stack analysis: org.gradle.api.internal.tasks.testing.SuiteTestClassProcessor
[Test worker] WARN net.thucydides.core.reflection.StackTraceAnalyser - Failed to load class during Stack analysis: org.gradle.internal.dispatch.ReflectionDispatch
[Test worker] WARN net.thucydides.core.reflection.StackTraceAnalyser - Failed to load class during Stack analysis: org.gradle.internal.dispatch.ReflectionDispatch
[Test worker] WARN net.thucydides.core.reflection.StackTraceAnalyser - Failed to load class during Stack analysis: org.gradle.internal.dispatch.ContextClassLoaderDispatch
[Test worker] WARN net.thucydides.core.reflection.StackTraceAnalyser - Failed to load class during Stack analysis: org.gradle.internal.dispatch.ProxyDispatchAdapter$DispatchingInvocationHandler
[Test worker] WARN net.thucydides.core.reflection.StackTraceAnalyser - Failed to load class during Stack analysis: com.sun.proxy.$Proxy1
[Test worker] WARN net.thucydides.core.reflection.StackTraceAnalyser - Failed to load class during Stack analysis: org.gradle.api.internal.tasks.testing.worker.TestWorker
[Test worker] WARN net.thucydides.core.reflection.StackTraceAnalyser - Failed to load class during Stack analysis: org.gradle.internal.dispatch.ReflectionDispatch
[Test worker] WARN net.thucydides.core.reflection.StackTraceAnalyser - Failed to load class during Stack analysis: org.gradle.internal.dispatch.ReflectionDispatch
[Test worker] WARN net.thucydides.core.reflection.StackTraceAnalyser - Failed to load class during Stack analysis: org.gradle.internal.remote.internal.hub.MessageHubBackedObjectConnection$DispatchWrapper
[Test worker] WARN net.thucydides.core.reflection.StackTraceAnalyser - Failed to load class during Stack analysis: org.gradle.internal.remote.internal.hub.MessageHubBackedObjectConnection$DispatchWrapper
[Test worker] WARN net.thucydides.core.reflection.StackTraceAnalyser - Failed to load class during Stack analysis: org.gradle.internal.remote.internal.hub.MessageHub$Handler
[Test worker] WARN net.thucydides.core.reflection.StackTraceAnalyser - Failed to load class during Stack analysis: org.gradle.internal.concurrent.ExecutorPolicy$CatchAndRecordFailures
[Test worker] WARN net.thucydides.core.reflection.StackTraceAnalyser - Failed to load class during Stack analysis: org.gradle.internal.concurrent.ManagedExecutorImpl$1
[Test worker] WARN net.thucydides.core.reflection.StackTraceAnalyser - Failed to load class during Stack analysis: org.gradle.internal.concurrent.ThreadFactoryImpl$ManagedThreadRunnable
[Test worker] WARN net.thucydides.core.reflection.StackTraceAnalyser - Failed to load class during Stack analysis: org.gradle.api.internal.tasks.testing.junit.JUnitTestClassExecuter
[Test worker] WARN net.thucydides.core.reflection.StackTraceAnalyser - Failed to load class during Stack analysis: org.gradle.api.internal.tasks.testing.junit.JUnitTestClassExecuter
[Test worker] WARN net.thucydides.core.reflection.StackTraceAnalyser - Failed to load class during Stack analysis: org.gradle.api.internal.tasks.testing.junit.JUnitTestClassProcessor
[Test worker] WARN net.thucydides.core.reflection.StackTraceAnalyser - Failed to load class during Stack analysis: org.gradle.api.internal.tasks.testing.SuiteTestClassProcessor
[Test worker] WARN net.thucydides.core.reflection.StackTraceAnalyser - Failed to load class during Stack analysis: org.gradle.internal.dispatch.ReflectionDispatch
[Test worker] WARN net.thucydides.core.reflection.StackTraceAnalyser - Failed to load class during Stack analysis: org.gradle.internal.dispatch.ReflectionDispatch
[Test worker] WARN net.thucydides.core.reflection.StackTraceAnalyser - Failed to load class during Stack analysis: org.gradle.internal.dispatch.ContextClassLoaderDispatch
[Test worker] WARN net.thucydides.core.reflection.StackTraceAnalyser - Failed to load class during Stack analysis: org.gradle.internal.dispatch.ProxyDispatchAdapter$DispatchingInvocationHandler
[Test worker] WARN net.thucydides.core.reflection.StackTraceAnalyser - Failed to load class during Stack analysis: com.sun.proxy.$Proxy1
[Test worker] WARN net.thucydides.core.reflection.StackTraceAnalyser - Failed to load class during Stack analysis: org.gradle.api.internal.tasks.testing.worker.TestWorker
[Test worker] WARN net.thucydides.core.reflection.StackTraceAnalyser - Failed to load class during Stack analysis: org.gradle.internal.dispatch.ReflectionDispatch
[Test worker] WARN net.thucydides.core.reflection.StackTraceAnalyser - Failed to load class during Stack analysis: org.gradle.internal.dispatch.ReflectionDispatch
[Test worker] WARN net.thucydides.core.reflection.StackTraceAnalyser - Failed to load class during Stack analysis: org.gradle.internal.remote.internal.hub.MessageHubBackedObjectConnection$DispatchWrapper
[Test worker] WARN net.thucydides.core.reflection.StackTraceAnalyser - Failed to load class during Stack analysis: org.gradle.internal.remote.internal.hub.MessageHubBackedObjectConnection$DispatchWrapper
[Test worker] WARN net.thucydides.core.reflection.StackTraceAnalyser - Failed to load class during Stack analysis: org.gradle.internal.remote.internal.hub.MessageHub$Handler
[Test worker] WARN net.thucydides.core.reflection.StackTraceAnalyser - Failed to load class during Stack analysis: org.gradle.internal.concurrent.ExecutorPolicy$CatchAndRecordFailures
[Test worker] WARN net.thucydides.core.reflection.StackTraceAnalyser - Failed to load class during Stack analysis: org.gradle.internal.concurrent.ManagedExecutorImpl$1
[Test worker] WARN net.thucydides.core.reflection.StackTraceAnalyser - Failed to load class during Stack analysis: org.gradle.internal.concurrent.ThreadFactoryImpl$ManagedThreadRunnable
[Test worker] WARN net.thucydides.core.reflection.StackTraceAnalyser - Failed to load class during Stack analysis: org.gradle.api.internal.tasks.testing.junit.JUnitTestClassExecuter
[Test worker] WARN net.thucydides.core.reflection.StackTraceAnalyser - Failed to load class during Stack analysis: org.gradle.api.internal.tasks.testing.junit.JUnitTestClassExecuter
[Test worker] WARN net.thucydides.core.reflection.StackTraceAnalyser - Failed to load class during Stack analysis: org.gradle.api.internal.tasks.testing.junit.JUnitTestClassProcessor
[Test worker] WARN net.thucydides.core.reflection.StackTraceAnalyser - Failed to load class during Stack analysis: org.gradle.api.internal.tasks.testing.SuiteTestClassProcessor
[Test worker] WARN net.thucydides.core.reflection.StackTraceAnalyser - Failed to load class during Stack analysis: org.gradle.internal.dispatch.ReflectionDispatch
[Test worker] WARN net.thucydides.core.reflection.StackTraceAnalyser - Failed to load class during Stack analysis: org.gradle.internal.dispatch.ReflectionDispatch
[Test worker] WARN net.thucydides.core.reflection.StackTraceAnalyser - Failed to load class during Stack analysis: org.gradle.internal.dispatch.ContextClassLoaderDispatch
[Test worker] WARN net.thucydides.core.reflection.StackTraceAnalyser - Failed to load class during Stack analysis: org.gradle.internal.dispatch.ProxyDispatchAdapter$DispatchingInvocationHandler
[Test worker] WARN net.thucydides.core.reflection.StackTraceAnalyser - Failed to load class during Stack analysis: com.sun.proxy.$Proxy1
[Test worker] WARN net.thucydides.core.reflection.StackTraceAnalyser - Failed to load class during Stack analysis: org.gradle.api.internal.tasks.testing.worker.TestWorker
[Test worker] WARN net.thucydides.core.reflection.StackTraceAnalyser - Failed to load class during Stack analysis: org.gradle.internal.dispatch.ReflectionDispatch
[Test worker] WARN net.thucydides.core.reflection.StackTraceAnalyser - Failed to load class during Stack analysis: org.gradle.internal.dispatch.ReflectionDispatch
[Test worker] WARN net.thucydides.core.reflection.StackTraceAnalyser - Failed to load class during Stack analysis: org.gradle.internal.remote.internal.hub.MessageHubBackedObjectConnection$DispatchWrapper
[Test worker] WARN net.thucydides.core.reflection.StackTraceAnalyser - Failed to load class during Stack analysis: org.gradle.internal.remote.internal.hub.MessageHubBackedObjectConnection$DispatchWrapper
[Test worker] WARN net.thucydides.core.reflection.StackTraceAnalyser - Failed to load class during Stack analysis: org.gradle.internal.remote.internal.hub.MessageHub$Handler
[Test worker] WARN net.thucydides.core.reflection.StackTraceAnalyser - Failed to load class during Stack analysis: org.gradle.internal.concurrent.ExecutorPolicy$CatchAndRecordFailures
[Test worker] WARN net.thucydides.core.reflection.StackTraceAnalyser - Failed to load class during Stack analysis: org.gradle.internal.concurrent.ManagedExecutorImpl$1
[Test worker] WARN net.thucydides.core.reflection.StackTraceAnalyser - Failed to load class during Stack analysis: org.gradle.internal.concurrent.ThreadFactoryImpl$ManagedThreadRunnable
[Test worker] WARN net.thucydides.core.reflection.StackTraceAnalyser - Failed to load class during Stack analysis: org.gradle.api.internal.tasks.testing.junit.JUnitTestClassExecuter
[Test worker] WARN net.thucydides.core.reflection.StackTraceAnalyser - Failed to load class during Stack analysis: org.gradle.api.internal.tasks.testing.junit.JUnitTestClassExecuter
[Test worker] WARN net.thucydides.core.reflection.StackTraceAnalyser - Failed to load class during Stack analysis: org.gradle.api.internal.tasks.testing.junit.JUnitTestClassProcessor
[Test worker] WARN net.thucydides.core.reflection.StackTraceAnalyser - Failed to load class during Stack analysis: org.gradle.api.internal.tasks.testing.SuiteTestClassProcessor
[Test worker] WARN net.thucydides.core.reflection.StackTraceAnalyser - Failed to load class during Stack analysis: org.gradle.internal.dispatch.ReflectionDispatch
[Test worker] WARN net.thucydides.core.reflection.StackTraceAnalyser - Failed to load class during Stack analysis: org.gradle.internal.dispatch.ReflectionDispatch
[Test worker] WARN net.thucydides.core.reflection.StackTraceAnalyser - Failed to load class during Stack analysis: org.gradle.internal.dispatch.ContextClassLoaderDispatch
[Test worker] WARN net.thucydides.core.reflection.StackTraceAnalyser - Failed to load class during Stack analysis: org.gradle.internal.dispatch.ProxyDispatchAdapter$DispatchingInvocationHandler
[Test worker] WARN net.thucydides.core.reflection.StackTraceAnalyser - Failed to load class during Stack analysis: com.sun.proxy.$Proxy1
[Test worker] WARN net.thucydides.core.reflection.StackTraceAnalyser - Failed to load class during Stack analysis: org.gradle.api.internal.tasks.testing.worker.TestWorker
[Test worker] WARN net.thucydides.core.reflection.StackTraceAnalyser - Failed to load class during Stack analysis: org.gradle.internal.dispatch.ReflectionDispatch
[Test worker] WARN net.thucydides.core.reflection.StackTraceAnalyser - Failed to load class during Stack analysis: org.gradle.internal.dispatch.ReflectionDispatch
[Test worker] WARN net.thucydides.core.reflection.StackTraceAnalyser - Failed to load class during Stack analysis: org.gradle.internal.remote.internal.hub.MessageHubBackedObjectConnection$DispatchWrapper
[Test worker] WARN net.thucydides.core.reflection.StackTraceAnalyser - Failed to load class during Stack analysis: org.gradle.internal.remote.internal.hub.MessageHubBackedObjectConnection$DispatchWrapper
[Test worker] WARN net.thucydides.core.reflection.StackTraceAnalyser - Failed to load class during Stack analysis: org.gradle.internal.remote.internal.hub.MessageHub$Handler
[Test worker] WARN net.thucydides.core.reflection.StackTraceAnalyser - Failed to load class during Stack analysis: org.gradle.internal.concurrent.ExecutorPolicy$CatchAndRecordFailures
[Test worker] WARN net.thucydides.core.reflection.StackTraceAnalyser - Failed to load class during Stack analysis: org.gradle.internal.concurrent.ManagedExecutorImpl$1
[Test worker] WARN net.thucydides.core.reflection.StackTraceAnalyser - Failed to load class during Stack analysis: org.gradle.internal.concurrent.ThreadFactoryImpl$ManagedThreadRunnable
[Test worker] INFO net.serenitybdd.core.Serenity - 
        __    _____ _____ ____ _____   ____   _    ____  ____  _____ ____  
  _     \ \  |_   _| ____/ ___|_   _| |  _ \ / \  / ___|/ ___|| ____|  _ \ 
 (_)_____| |   | | |  _| \___ \ | |   | |_) / _ \ \___ \\___ \|  _| | | | |
  _|_____| |   | | | |___ ___) || |   |  __/ ___ \ ___) |___) | |___| |_| |
 (_)     | |   |_| |_____|____/ |_|   |_| /_/   \_\____/|____/|_____|____/ 
        /_/                                                                

TEST PASSED: Can find search results
----------------------------------------------------------------------------
[Test worker] INFO net.thucydides.core.reports.ReportService - Reporting formats: [JSON, XML, HTML]
[Test worker] INFO net.thucydides.core.reports.ReportService - Found reporter: net.thucydides.core.reports.xml.XMLTestOutcomeReporter@28839515(format = Optional.of(XML))
[Test worker] INFO net.thucydides.core.reports.ReportService - Registering reporter: net.thucydides.core.reports.xml.XMLTestOutcomeReporter@28839515
[Test worker] INFO net.thucydides.core.reports.ReportService - Found reporter: net.thucydides.core.reports.json.JSONTestOutcomeReporter@d7ffa23(format = Optional.of(JSON))
[Test worker] INFO net.thucydides.core.reports.ReportService - Registering reporter: net.thucydides.core.reports.json.JSONTestOutcomeReporter@d7ffa23
[Test worker] INFO net.thucydides.core.reports.ReportService - Found reporter: net.thucydides.core.reports.html.HtmlAcceptanceTestReporter@45ae5b2(format = Optional.of(HTML))
[Test worker] INFO net.thucydides.core.reports.ReportService - Registering reporter: net.thucydides.core.reports.html.HtmlAcceptanceTestReporter@45ae5b2
[Test worker] INFO net.thucydides.core.reports.ReportService - Generating reports using: net.thucydides.core.reports.xml.XMLTestOutcomeReporter@28839515
[Test worker] INFO net.thucydides.core.reports.junit.JUnitXMLOutcomeReporter - GENERATING JUNIT REPORTS
[pool-1-thread-1] INFO net.thucydides.core.reports.ReportService - Processing test outcome Google's Search Functionality:Can find search results
[pool-1-thread-1] INFO net.thucydides.core.reports.ReportService - net.thucydides.core.reports.xml.XMLTestOutcomeReporter@28839515: Generating report for test outcome: Google's Search Functionality:Can find search results
[Test worker] INFO net.thucydides.core.reports.junit.JUnitXMLOutcomeReporter - GENERATING JUNIT REPORT SERENITY-JUNIT-2b095c4e49456054fd89216904d62a77cdabe85017e699942bf7415629d236ee.xml
[pool-1-thread-1] INFO net.thucydides.core.reports.xml.XMLTestOutcomeReporter - Generating XML report for Can find search results to file /Users/haroonnaderi/Code/Java/SerenityGradleExample/target/site/serenity/2b095c4e49456054fd89216904d62a77cdabe85017e699942bf7415629d236ee.xml
[pool-1-thread-1] INFO net.thucydides.core.reports.xml.XMLTestOutcomeReporter - XML report generated (/Users/haroonnaderi/Code/Java/SerenityGradleExample/target/site/serenity/2b095c4e49456054fd89216904d62a77cdabe85017e699942bf7415629d236ee.xml bytes) 1209
[pool-1-thread-1] INFO net.thucydides.core.reports.ReportService - Processing test outcome Google's Search Functionality:Can find search results done
[Test worker] INFO net.thucydides.core.reports.ReportService - Reports generated in: 612
[Test worker] INFO net.thucydides.core.reports.ReportService - Generating reports using: net.thucydides.core.reports.json.JSONTestOutcomeReporter@d7ffa23
[Test worker] INFO net.thucydides.core.reports.junit.JUnitXMLOutcomeReporter - GENERATING JUNIT REPORTS
[pool-1-thread-2] INFO net.thucydides.core.reports.ReportService - Processing test outcome Google's Search Functionality:Can find search results
[pool-1-thread-2] INFO net.thucydides.core.reports.ReportService - net.thucydides.core.reports.json.JSONTestOutcomeReporter@d7ffa23: Generating report for test outcome: Google's Search Functionality:Can find search results
[Test worker] INFO net.thucydides.core.reports.junit.JUnitXMLOutcomeReporter - GENERATING JUNIT REPORT SERENITY-JUNIT-2b095c4e49456054fd89216904d62a77cdabe85017e699942bf7415629d236ee.xml
[pool-1-thread-2] INFO net.thucydides.core.reports.ReportService - Processing test outcome Google's Search Functionality:Can find search results done
[Test worker] INFO net.thucydides.core.reports.ReportService - Reports generated in: 61
[Test worker] INFO net.thucydides.core.reports.ReportService - Generating reports using: net.thucydides.core.reports.html.HtmlAcceptanceTestReporter@45ae5b2
[Test worker] INFO net.thucydides.core.reports.junit.JUnitXMLOutcomeReporter - GENERATING JUNIT REPORTS
[pool-1-thread-3] INFO net.thucydides.core.reports.ReportService - Processing test outcome Google's Search Functionality:Can find search results
[pool-1-thread-3] INFO net.thucydides.core.reports.ReportService - net.thucydides.core.reports.html.HtmlAcceptanceTestReporter@45ae5b2: Generating report for test outcome: Google's Search Functionality:Can find search results
[Test worker] INFO net.thucydides.core.reports.junit.JUnitXMLOutcomeReporter - GENERATING JUNIT REPORT SERENITY-JUNIT-2b095c4e49456054fd89216904d62a77cdabe85017e699942bf7415629d236ee.xml
[pool-1-thread-3] INFO net.thucydides.core.requirements.RequirementsTagProvider - Reading requirements from net.thucydides.core.requirements.FileSystemRequirementsTagProvider@79274a1
[pool-1-thread-3] INFO net.thucydides.core.requirements.RequirementsTagProvider - Reading requirements from net.thucydides.core.requirements.PackageAnnotationBasedTagProvider@bb97215
[pool-1-thread-3] INFO net.thucydides.core.requirements.RequirementsTagProvider - Requirement ancestors for:Requirement{name='Google's search functionality', type='feature' parent = 'null', cardNumber='null'} = [Requirement{name='Google's search functionality', type='feature' parent = 'null', cardNumber='null'}]
[pool-1-thread-3] INFO net.thucydides.core.requirements.RequirementsTagProvider - Requirements found:[Requirement{name='Google's search functionality', type='feature' parent = 'null', cardNumber='null'}]
[pool-1-thread-3] INFO net.thucydides.core.reports.html.screenshots.ScreenshotFormatter - Resizing image target/site/serenity/dbcb25cdcd33d2b9abb26a829218c5fa_NONE.png to target/site/serenity/scaled_dbcb25cdcd33d2b9abb26a829218c5fa_NONE.png
[pool-1-thread-3] INFO net.thucydides.core.reports.html.screenshots.ScreenshotFormatter - Screenshot existstrue
[pool-1-thread-3] INFO net.thucydides.core.reports.html.screenshots.ScreenshotFormatter - Resized screenshot existsfalse
[pool-1-thread-3] INFO net.thucydides.core.reports.html.screenshots.ScreenshotFormatter - Resizing image target/site/serenity/dbcb25cdcd33d2b9abb26a829218c5fa_NONE.png
[pool-1-thread-3] INFO net.thucydides.core.reports.html.screenshots.ScreenshotFormatter - Scaled image saved to target/site/serenity/scaled_dbcb25cdcd33d2b9abb26a829218c5fa_NONE.png
[pool-1-thread-3] INFO net.thucydides.core.reports.html.screenshots.ScreenshotFormatter - Resizing image done -> /Users/haroonnaderi/Code/Java/SerenityGradleExample/target/site/serenity/scaled_dbcb25cdcd33d2b9abb26a829218c5fa_NONE.png
[pool-1-thread-3] INFO net.thucydides.core.reports.html.screenshots.ScreenshotFormatter - Resizing image target/site/serenity/a11e1e1c43ac723c3af643789678e10b_NONE.png to target/site/serenity/scaled_a11e1e1c43ac723c3af643789678e10b_NONE.png
[pool-1-thread-3] INFO net.thucydides.core.reports.html.screenshots.ScreenshotFormatter - Screenshot existstrue
[pool-1-thread-3] INFO net.thucydides.core.reports.html.screenshots.ScreenshotFormatter - Resized screenshot existsfalse
[pool-1-thread-3] INFO net.thucydides.core.reports.html.screenshots.ScreenshotFormatter - Resizing image target/site/serenity/a11e1e1c43ac723c3af643789678e10b_NONE.png
[pool-1-thread-3] INFO net.thucydides.core.reports.html.screenshots.ScreenshotFormatter - Scaled image saved to target/site/serenity/scaled_a11e1e1c43ac723c3af643789678e10b_NONE.png
[pool-1-thread-3] INFO net.thucydides.core.reports.html.screenshots.ScreenshotFormatter - Resizing image done -> /Users/haroonnaderi/Code/Java/SerenityGradleExample/target/site/serenity/scaled_a11e1e1c43ac723c3af643789678e10b_NONE.png
[pool-1-thread-3] INFO net.thucydides.core.reports.html.screenshots.ScreenshotFormatter - Resizing image target/site/serenity/a11e1e1c43ac723c3af643789678e10b_NONE.png to target/site/serenity/scaled_a11e1e1c43ac723c3af643789678e10b_NONE.png
[pool-1-thread-3] INFO net.thucydides.core.reports.html.screenshots.ScreenshotFormatter - Screenshot existstrue
[pool-1-thread-3] INFO net.thucydides.core.reports.html.screenshots.ScreenshotFormatter - Resized screenshot existstrue
[pool-1-thread-3] INFO net.thucydides.core.reports.html.HtmlAcceptanceTestReporter - GENERATING HTML REPORT FOR Google's Search Functionality:Can find search results => 2b095c4e49456054fd89216904d62a77cdabe85017e699942bf7415629d236ee.html
[pool-1-thread-3] INFO net.thucydides.core.reports.ReportService - Processing test outcome Google's Search Functionality:Can find search results done
[Test worker] INFO net.thucydides.core.reports.ReportService - Reports generated in: 1614
]]></system-err>
</testsuite>
